Performing C SOURCE FILE Test CMAKE_HAVE_LIBC_PTHREAD failed with the following output:
Change Dir: /home/christophervalencia/Desktop/comp362/ValenciaChristopherLab05/matrixMult/cmake-build-debug/CMakeFiles/CMakeTmp

Run Build Command(s):/usr/bin/make cmTC_50916/fast && /usr/bin/make -f CMakeFiles/cmTC_50916.dir/build.make CMakeFiles/cmTC_50916.dir/build
make[1]: Entering directory '/home/christophervalencia/Desktop/comp362/ValenciaChristopherLab05/matrixMult/cmake-build-debug/CMakeFiles/CMakeTmp'
Building C object CMakeFiles/cmTC_50916.dir/src.c.o
/usr/bin/cc   -D_FILE_OFFSET_BITS=64 -DCMAKE_HAVE_LIBC_PTHREAD   -std=gnu11 -o CMakeFiles/cmTC_50916.dir/src.c.o   -c /home/christophervalencia/Desktop/comp362/ValenciaChristopherLab05/matrixMult/cmake-build-debug/CMakeFiles/CMakeTmp/src.c
Linking C executable cmTC_50916
/usr/bin/cmake -E cmake_link_script CMakeFiles/cmTC_50916.dir/link.txt --verbose=1
/usr/bin/cc  -D_FILE_OFFSET_BITS=64 -DCMAKE_HAVE_LIBC_PTHREAD    CMakeFiles/cmTC_50916.dir/src.c.o  -o cmTC_50916 
/usr/bin/ld: CMakeFiles/cmTC_50916.dir/src.c.o: in function `main':
src.c:(.text+0x46): undefined reference to `pthread_create'
/usr/bin/ld: src.c:(.text+0x52): undefined reference to `pthread_detach'
/usr/bin/ld: src.c:(.text+0x63): undefined reference to `pthread_join'
collect2: error: ld returned 1 exit status
make[1]: *** [CMakeFiles/cmTC_50916.dir/build.make:87: cmTC_50916] Error 1
make[1]: Leaving directory '/home/christophervalencia/Desktop/comp362/ValenciaChristopherLab05/matrixMult/cmake-build-debug/CMakeFiles/CMakeTmp'
make: *** [Makefile:121: cmTC_50916/fast] Error 2


Source file was:
#include <pthread.h>

void* test_func(void* data)
{
  return data;
}

int main(void)
{
  pthread_t thread;
  pthread_create(&thread, NULL, test_func, NULL);
  pthread_detach(thread);
  pthread_join(thread, NULL);
  pthread_atfork(NULL, NULL, NULL);
  pthread_exit(NULL);

  return 0;
}

Determining if the function pthread_create exists in the pthreads failed with the following output:
Change Dir: /home/christophervalencia/Desktop/comp362/ValenciaChristopherLab05/matrixMult/cmake-build-debug/CMakeFiles/CMakeTmp

Run Build Command(s):/usr/bin/make cmTC_cba5f/fast && /usr/bin/make -f CMakeFiles/cmTC_cba5f.dir/build.make CMakeFiles/cmTC_cba5f.dir/build
make[1]: Entering directory '/home/christophervalencia/Desktop/comp362/ValenciaChristopherLab05/matrixMult/cmake-build-debug/CMakeFiles/CMakeTmp'
Building C object CMakeFiles/cmTC_cba5f.dir/CheckFunctionExists.c.o
/usr/bin/cc   -D_FILE_OFFSET_BITS=64 -DCHECK_FUNCTION_EXISTS=pthread_create   -std=gnu11 -o CMakeFiles/cmTC_cba5f.dir/CheckFunctionExists.c.o   -c /usr/share/cmake-3.16/Modules/CheckFunctionExists.c
Linking C executable cmTC_cba5f
/usr/bin/cmake -E cmake_link_script CMakeFiles/cmTC_cba5f.dir/link.txt --verbose=1
/usr/bin/cc  -D_FILE_OFFSET_BITS=64 -DCHECK_FUNCTION_EXISTS=pthread_create    CMakeFiles/cmTC_cba5f.dir/CheckFunctionExists.c.o  -o cmTC_cba5f  -lpthreads 
/usr/bin/ld: cannot find -lpthreads
collect2: error: ld returned 1 exit status
make[1]: *** [CMakeFiles/cmTC_cba5f.dir/build.make:87: cmTC_cba5f] Error 1
make[1]: Leaving directory '/home/christophervalencia/Desktop/comp362/ValenciaChristopherLab05/matrixMult/cmake-build-debug/CMakeFiles/CMakeTmp'
make: *** [Makefile:121: cmTC_cba5f/fast] Error 2



